<?xml version="1.0" encoding="UTF-8"?>
<testsuite xmlns:xsi="http://www.w3.org/2001/XMLSchema-instance" xsi:noNamespaceSchemaLocation="https://maven.apache.org/surefire/maven-surefire-plugin/xsd/surefire-test-report-3.0.xsd" version="3.0" name="com.example.tradingsystem.application.InventoryServiceTest" time="0.008" tests="1" errors="0" skipped="0" failures="0">
  <properties>
[...]
</properties>
  <testcase name="addStock" classname="com.example.tradingsystem.application.InventoryServiceTest" time="0.006">
    <system-out><![CDATA[2026-01-12T12:34:25.488+08:00  INFO 85256 --- [           main] t.c.s.AnnotationConfigContextLoaderUtils : Could not detect default configuration classes for test class [com.example.tradingsystem.application.InventoryServiceTest]: InventoryServiceTest does not declare any static, non-private, non-final, nested classes annotated with @Configuration.
2026-01-12T12:34:25.488+08:00  INFO 85256 --- [           main] .b.t.c.SpringBootTestContextBootstrapper : Found @SpringBootConfiguration com.example.tradingsystem.TradingSystemApplication for test class com.example.tradingsystem.application.InventoryServiceTest
]]></system-out>
  </testcase>
</testsuite>